Saved current collection of modules to: "jupyter_marcc_modules"

[STATUS] temporary screenrc at jupyter-notebook.46230336.tmp
[STATUS] executing in a screen
[STATUS] waiting for the server to start

[STATUS] Jupyter notebook server is ready!

[STATUS] Need custom modules?
         Close this notebook with ctrl+c (or scancel).
         Then, install a custom environment with:
             module load python/3.6-anaconda
             conda create -p ./path/to/my_env_name
             conda activate ./path/to/my_env_name
             conda install ipykernel
             conda install ... 
             pip install ... 
         then when you run this script (jupyter_notebook_start) again, 
         you will always see your custom environment ('my_env_name') 
         in the "New" notebook menu on jupyter.

[STATUS] additional details: 
         Forwarded port: 9912
         Remote server: compute0015
         Remote port: 9912
         SSH server: login.marcc.jhu.edu
         SSH login: yhe23@jhu.edu
         SSH port: 22
         Credential: token: 06151b7cbca4e654134d412585abb0a0e845b0c76d388a70

[STATUS] HOW TO ACCESS YOUR NOTEBOOK SERVER
[STATUS] from a terminal (on the same machine with your browser) you must run:

ssh -N -L 9912:compute0015:9912 yhe23@jhu.edu@login.marcc.jhu.edu

[STATUS] once you connect, visit: 

http://localhost:9912/?token=06151b7cbca4e654134d412585abb0a0e845b0c76d388a70

